Mon Feb 12 06:38:57 2018 [31477][1][ALERT] Start Event ID 51020f32-d7eb-11e7-a8de-000d3a9007e4 has already been triggered in this request and cannot be triggered again.
Mon Feb 12 06:38:58 2018 [31477][1][ALERT] Start Event ID 51020f32-d7eb-11e7-a8de-000d3a9007e4 has already been triggered in this request and cannot be triggered again.
Mon Feb 12 06:38:58 2018 [31477][1][ALERT] Start Event ID 51020f32-d7eb-11e7-a8de-000d3a9007e4 has already been triggered in this request and cannot be triggered again.
Mon Feb 12 06:38:58 2018 [31477][1][ALERT] Start Event ID 51020f32-d7eb-11e7-a8de-000d3a9007e4 has already been triggered in this request and cannot be triggered again.
Mon Feb 12 06:39:00 2018 [31477][1][ALERT] Start Event ID 51020f32-d7eb-11e7-a8de-000d3a9007e4 has already been triggered in this request and cannot be triggered again.
Mon Feb 12 06:39:00 2018 [31477][1][ALERT] Start Event ID 51020f32-d7eb-11e7-a8de-000d3a9007e4 has already been triggered in this request and cannot be triggered again.
Mon Feb 12 06:39:00 2018 [31477][1][ALERT] Start Event ID 51020f32-d7eb-11e7-a8de-000d3a9007e4 has already been triggered in this request and cannot be triggered again.
Mon Feb 12 06:39:01 2018 [31477][1][ALERT] Start Event ID 51020f32-d7eb-11e7-a8de-000d3a9007e4 has already been triggered in this request and cannot be triggered again.
Mon Feb 12 06:39:01 2018 [31477][1][ALERT] Start Event ID 51020f32-d7eb-11e7-a8de-000d3a9007e4 has already been triggered in this request and cannot be triggered again.
Mon Feb 12 06:39:02 2018 [31477][1][ALERT] Start Event ID 51020f32-d7eb-11e7-a8de-000d3a9007e4 has already been triggered in this request and cannot be triggered again.
Mon Feb 12 06:39:05 2018 [31477][1][ALERT] Start Event ID 77f883fa-d7eb-11e7-a0ab-000d3a9007e4 has already been triggered in this request and cannot be triggered again.
Mon Feb 12 06:39:05 2018 [31477][1][ALERT] Start Event ID 77f883fa-d7eb-11e7-a0ab-000d3a9007e4 has already been triggered in this request and cannot be triggered again.
Mon Feb 12 06:39:05 2018 [31477][1][ALERT] Start Event ID 77f883fa-d7eb-11e7-a0ab-000d3a9007e4 has already been triggered in this request and cannot be triggered again.
Mon Feb 12 06:39:05 2018 [31477][1][ALERT] Start Event ID 77f883fa-d7eb-11e7-a0ab-000d3a9007e4 has already been triggered in this request and cannot be triggered again.
Mon Feb 12 06:39:06 2018 [31477][1][ALERT] Start Event ID 77f883fa-d7eb-11e7-a0ab-000d3a9007e4 has already been triggered in this request and cannot be triggered again.
Fri May 18 22:19:52 2018 [14027][7965eeea-8ecf-11e7-9900-000d3a9007e4][ALERT] Start Event ID 37d1f56c-49e8-11e8-a0da-060c6f621ec1 has already been triggered in this request and cannot be triggered again.
Fri May 18 22:21:23 2018 [15838][7965eeea-8ecf-11e7-9900-000d3a9007e4][ALERT] Start Event ID 37d1f56c-49e8-11e8-a0da-060c6f621ec1 has already been triggered in this request and cannot be triggered again.
Thu Jun  7 15:39:21 2018 [15274][7965eeea-8ecf-11e7-9900-000d3a9007e4][ALERT] Start Event ID 37d1f56c-49e8-11e8-a0da-060c6f621ec1 has already been triggered in this request and cannot be triggered again.
Thu Jun  7 15:39:22 2018 [15274][7965eeea-8ecf-11e7-9900-000d3a9007e4][ALERT] Start Event ID 37d1f56c-49e8-11e8-a0da-060c6f621ec1 has already been triggered in this request and cannot be triggered again.
Fri Jul  6 20:17:58 2018 [13205][7965eeea-8ecf-11e7-9900-000d3a9007e4][ALERT] Start Event ID 37d1f56c-49e8-11e8-a0da-060c6f621ec1 has already been triggered in this request and cannot be triggered again.
Fri Jul  6 20:18:27 2018 [13799][7965eeea-8ecf-11e7-9900-000d3a9007e4][ALERT] Start Event ID 37d1f56c-49e8-11e8-a0da-060c6f621ec1 has already been triggered in this request and cannot be triggered again.
Fri Jul  6 20:18:27 2018 [13799][7965eeea-8ecf-11e7-9900-000d3a9007e4][ALERT] Start Event ID 37d1f56c-49e8-11e8-a0da-060c6f621ec1 has already been triggered in this request and cannot be triggered again.
Mon Jul 16 02:17:09 2018 [12025][eb149b0c-8dc8-11e7-995f-000d3a9007e4][ALERT] Start Event ID 37d1f56c-49e8-11e8-a0da-060c6f621ec1 has already been triggered in this request and cannot be triggered again.
