Wed, 06 Dec 2017 19:57:41 +0000 [UpgradeWizard] - Sidecar Upgrade: Setting upgrade file list...
Wed, 06 Dec 2017 19:57:41 +0000 [UpgradeWizard] - Sidecar Upgrade: Getting base upgrade files ...
Wed, 06 Dec 2017 19:57:41 +0000 [UpgradeWizard] - Sidecar Upgrade: 0 base upgrade files set ...
Wed, 06 Dec 2017 19:57:41 +0000 [UpgradeWizard] - Sidecar Upgrade: Beginning search for custom module base metadata...
Wed, 06 Dec 2017 19:57:41 +0000 [UpgradeWizard] - Sidecar Upgrade: 0 upgrade files set for package Attachments: Deployed - 0, Undeployed - 0 ...
Wed, 06 Dec 2017 19:57:41 +0000 [UpgradeWizard] - Sidecar Upgrade: 0 upgrade files set for package SrvReq: Deployed - 0, Undeployed - 0 ...
Wed, 06 Dec 2017 19:57:41 +0000 [UpgradeWizard] - Sidecar Upgrade: Getting portal upgrade files ...
Wed, 06 Dec 2017 19:57:41 +0000 [UpgradeWizard] - Sidecar Upgrade: 0 portal upgrade files set ...
Wed, 06 Dec 2017 19:57:41 +0000 [UpgradeWizard] - Sidecar Upgrade: Getting portal sidecar upgrade files ...
Wed, 06 Dec 2017 19:57:42 +0000 [UpgradeWizard] - Sidecar Upgrade: 0 portal sidecar upgrade files set ...
Wed, 06 Dec 2017 19:57:42 +0000 [UpgradeWizard] - Sidecar Upgrade: Getting wireless upgrade files ...
Wed, 06 Dec 2017 19:57:42 +0000 [UpgradeWizard] - Sidecar Upgrade: 0 wireless upgrade files set ...
Wed, 06 Dec 2017 19:57:42 +0000 [UpgradeWizard] - Sidecar Upgrade: Beginning search for custom module wireless metadata...
Wed, 06 Dec 2017 19:57:42 +0000 [UpgradeWizard] - Sidecar Upgrade: 0 upgrade files set for package Attachments: Deployed - 0, Undeployed - 0 ...
Wed, 06 Dec 2017 19:57:42 +0000 [UpgradeWizard] - Sidecar Upgrade: 0 upgrade files set for package SrvReq: Deployed - 0, Undeployed - 0 ...
Wed, 06 Dec 2017 19:57:42 +0000 [UpgradeWizard] - Sidecar Upgrade: Custom module mobile metadata done.
Wed, 06 Dec 2017 19:57:42 +0000 [UpgradeWizard] - Sidecar Upgrade: 0 custom module files fetched for conversion
Wed, 06 Dec 2017 19:57:42 +0000 [UpgradeWizard] - Sidecar Upgrade: Getting subpanel upgrade files ...
Wed, 06 Dec 2017 19:57:42 +0000 [UpgradeWizard] - Sidecar Upgrade: Beginning search for custom module base metadata...
Wed, 06 Dec 2017 19:57:42 +0000 [UpgradeWizard] - Sidecar Upgrade: 0 upgrade files set for package Attachments: Deployed - 0, Undeployed - 0 ...
Wed, 06 Dec 2017 19:57:42 +0000 [UpgradeWizard] - Sidecar Upgrade: 0 upgrade files set for package SrvReq: Deployed - 0, Undeployed - 0 ...
Wed, 06 Dec 2017 19:57:42 +0000 [UpgradeWizard] - Sidecar Upgrade: Beginning search for custom module mobile metadata...
Wed, 06 Dec 2017 19:57:42 +0000 [UpgradeWizard] - Sidecar Upgrade: 0 upgrade files set for package Attachments: Deployed - 0, Undeployed - 0 ...
Wed, 06 Dec 2017 19:57:42 +0000 [UpgradeWizard] - Sidecar Upgrade: 0 upgrade files set for package SrvReq: Deployed - 0, Undeployed - 0 ...
Wed, 06 Dec 2017 19:57:42 +0000 [UpgradeWizard] - Sidecar Upgrade: Beginning metadata upgrade process...
Wed, 06 Dec 2017 19:57:42 +0000 [UpgradeWizard] - Sidecar Upgrade: Metadata upgrade process complete.
Wed, 06 Dec 2017 19:57:42 +0000 [UpgradeWizard] - Sidecar Upgrade: Mobile/portal metadata upgrade process complete.
Wed, 06 Dec 2017 19:57:42 +0000 [UpgradeWizard] - Sidecar Upgrade: Setting upgrade file list...
Wed, 06 Dec 2017 19:57:42 +0000 [UpgradeWizard] - Sidecar Upgrade: Getting base upgrade files ...
Wed, 06 Dec 2017 19:57:42 +0000 [UpgradeWizard] - Sidecar Upgrade: 0 base upgrade files set ...
Wed, 06 Dec 2017 19:57:42 +0000 [UpgradeWizard] - Sidecar Upgrade: Beginning search for custom module base metadata...
Wed, 06 Dec 2017 19:57:42 +0000 [UpgradeWizard] - Sidecar Upgrade: 0 upgrade files set for package Attachments: Deployed - 0, Undeployed - 0 ...
Wed, 06 Dec 2017 19:57:42 +0000 [UpgradeWizard] - Sidecar Upgrade: 0 upgrade files set for package SrvReq: Deployed - 0, Undeployed - 0 ...
Wed, 06 Dec 2017 19:57:42 +0000 [UpgradeWizard] - Sidecar Upgrade: Getting portal upgrade files ...
Wed, 06 Dec 2017 19:57:42 +0000 [UpgradeWizard] - Sidecar Upgrade: 0 portal upgrade files set ...
Wed, 06 Dec 2017 19:57:42 +0000 [UpgradeWizard] - Sidecar Upgrade: Getting portal sidecar upgrade files ...
Wed, 06 Dec 2017 19:57:43 +0000 [UpgradeWizard] - Sidecar Upgrade: 0 portal sidecar upgrade files set ...
Wed, 06 Dec 2017 19:57:43 +0000 [UpgradeWizard] - Sidecar Upgrade: Getting wireless upgrade files ...
Wed, 06 Dec 2017 19:57:43 +0000 [UpgradeWizard] - Sidecar Upgrade: 0 wireless upgrade files set ...
Wed, 06 Dec 2017 19:57:43 +0000 [UpgradeWizard] - Sidecar Upgrade: Beginning search for custom module wireless metadata...
Wed, 06 Dec 2017 19:57:43 +0000 [UpgradeWizard] - Sidecar Upgrade: 0 upgrade files set for package Attachments: Deployed - 0, Undeployed - 0 ...
Wed, 06 Dec 2017 19:57:43 +0000 [UpgradeWizard] - Sidecar Upgrade: 0 upgrade files set for package SrvReq: Deployed - 0, Undeployed - 0 ...
Wed, 06 Dec 2017 19:57:43 +0000 [UpgradeWizard] - Sidecar Upgrade: Custom module mobile metadata done.
Wed, 06 Dec 2017 19:57:43 +0000 [UpgradeWizard] - Sidecar Upgrade: 0 custom module files fetched for conversion
Wed, 06 Dec 2017 19:57:43 +0000 [UpgradeWizard] - Sidecar Upgrade: Getting subpanel upgrade files ...
Wed, 06 Dec 2017 19:57:43 +0000 [UpgradeWizard] - Sidecar Upgrade: Beginning search for custom module base metadata...
Wed, 06 Dec 2017 19:57:43 +0000 [UpgradeWizard] - Sidecar Upgrade: 0 upgrade files set for package Attachments: Deployed - 0, Undeployed - 0 ...
Wed, 06 Dec 2017 19:57:43 +0000 [UpgradeWizard] - Sidecar Upgrade: 0 upgrade files set for package SrvReq: Deployed - 0, Undeployed - 0 ...
Wed, 06 Dec 2017 19:57:43 +0000 [UpgradeWizard] - Sidecar Upgrade: Beginning search for custom module mobile metadata...
Wed, 06 Dec 2017 19:57:43 +0000 [UpgradeWizard] - Sidecar Upgrade: 0 upgrade files set for package Attachments: Deployed - 0, Undeployed - 0 ...
Wed, 06 Dec 2017 19:57:43 +0000 [UpgradeWizard] - Sidecar Upgrade: 0 upgrade files set for package SrvReq: Deployed - 0, Undeployed - 0 ...
Wed, 06 Dec 2017 19:57:43 +0000 [UpgradeWizard] - Sidecar Upgrade: Beginning metadata upgrade process...
Wed, 06 Dec 2017 19:57:43 +0000 [UpgradeWizard] - Sidecar Upgrade: Metadata upgrade process complete.
Wed, 06 Dec 2017 19:57:43 +0000 [UpgradeWizard] - Sidecar Upgrade: Mobile/portal metadata upgrade process complete.
Wed, 06 Dec 2017 19:57:48 +0000 [UpgradeWizard] - Sidecar Upgrade: Setting upgrade file list...
Wed, 06 Dec 2017 19:57:48 +0000 [UpgradeWizard] - Sidecar Upgrade: Getting base upgrade files ...
Wed, 06 Dec 2017 19:57:48 +0000 [UpgradeWizard] - Sidecar Upgrade: Scanning custom/modules/Currencies/metadata/ for module Currencies client base type custom
Wed, 06 Dec 2017 19:57:48 +0000 [UpgradeWizard] - Sidecar Upgrade: 0 base upgrade files set ...
Wed, 06 Dec 2017 19:57:48 +0000 [UpgradeWizard] - Sidecar Upgrade: Beginning search for custom module base metadata...
Wed, 06 Dec 2017 19:57:48 +0000 [UpgradeWizard] - Sidecar Upgrade: 0 upgrade files set for package Attachments: Deployed - 0, Undeployed - 0 ...
Wed, 06 Dec 2017 19:57:48 +0000 [UpgradeWizard] - Sidecar Upgrade: 0 upgrade files set for package SrvReq: Deployed - 0, Undeployed - 0 ...
Wed, 06 Dec 2017 19:57:48 +0000 [UpgradeWizard] - Sidecar Upgrade: Getting portal upgrade files ...
Wed, 06 Dec 2017 19:57:48 +0000 [UpgradeWizard] - Sidecar Upgrade: 0 portal upgrade files set ...
Wed, 06 Dec 2017 19:57:48 +0000 [UpgradeWizard] - Sidecar Upgrade: Getting portal sidecar upgrade files ...
Wed, 06 Dec 2017 19:57:48 +0000 [UpgradeWizard] - Sidecar Upgrade: 0 portal sidecar upgrade files set ...
Wed, 06 Dec 2017 19:57:48 +0000 [UpgradeWizard] - Sidecar Upgrade: Getting wireless upgrade files ...
Wed, 06 Dec 2017 19:57:48 +0000 [UpgradeWizard] - Sidecar Upgrade: Scanning custom/modules/Currencies/metadata/ for module Currencies client wireless type custom
Wed, 06 Dec 2017 19:57:48 +0000 [UpgradeWizard] - Sidecar Upgrade: 0 wireless upgrade files set ...
Wed, 06 Dec 2017 19:57:48 +0000 [UpgradeWizard] - Sidecar Upgrade: Beginning search for custom module wireless metadata...
Wed, 06 Dec 2017 19:57:48 +0000 [UpgradeWizard] - Sidecar Upgrade: 0 upgrade files set for package Attachments: Deployed - 0, Undeployed - 0 ...
Wed, 06 Dec 2017 19:57:48 +0000 [UpgradeWizard] - Sidecar Upgrade: 0 upgrade files set for package SrvReq: Deployed - 0, Undeployed - 0 ...
Wed, 06 Dec 2017 19:57:48 +0000 [UpgradeWizard] - Sidecar Upgrade: Custom module mobile metadata done.
Wed, 06 Dec 2017 19:57:48 +0000 [UpgradeWizard] - Sidecar Upgrade: 0 custom module files fetched for conversion
Wed, 06 Dec 2017 19:57:48 +0000 [UpgradeWizard] - Sidecar Upgrade: Getting subpanel upgrade files ...
Wed, 06 Dec 2017 19:57:48 +0000 [UpgradeWizard] - Sidecar Upgrade: Scanning custom/modules/Currencies/metadata/subpanels/ for module Currencies client base type custom
Wed, 06 Dec 2017 19:57:48 +0000 [UpgradeWizard] - Sidecar Upgrade: Beginning search for custom module base metadata...
Wed, 06 Dec 2017 19:57:48 +0000 [UpgradeWizard] - Sidecar Upgrade: 0 upgrade files set for package Attachments: Deployed - 0, Undeployed - 0 ...
Wed, 06 Dec 2017 19:57:48 +0000 [UpgradeWizard] - Sidecar Upgrade: 0 upgrade files set for package SrvReq: Deployed - 0, Undeployed - 0 ...
Wed, 06 Dec 2017 19:57:49 +0000 [UpgradeWizard] - Sidecar Upgrade: Beginning search for custom module mobile metadata...
Wed, 06 Dec 2017 19:57:49 +0000 [UpgradeWizard] - Sidecar Upgrade: 0 upgrade files set for package Attachments: Deployed - 0, Undeployed - 0 ...
Wed, 06 Dec 2017 19:57:49 +0000 [UpgradeWizard] - Sidecar Upgrade: 0 upgrade files set for package SrvReq: Deployed - 0, Undeployed - 0 ...
Wed, 06 Dec 2017 19:57:49 +0000 [UpgradeWizard] - Sidecar Upgrade: Beginning metadata upgrade process...
Wed, 06 Dec 2017 19:57:49 +0000 [UpgradeWizard] - Sidecar Upgrade: Metadata upgrade process complete.
Wed, 06 Dec 2017 19:57:49 +0000 [UpgradeWizard] - Sidecar Upgrade: Mobile/portal metadata upgrade process complete.
Wed, 06 Dec 2017 19:57:53 +0000 [UpgradeWizard] - Sidecar Upgrade: Setting upgrade file list...
Wed, 06 Dec 2017 19:57:53 +0000 [UpgradeWizard] - Sidecar Upgrade: Getting base upgrade files ...
Wed, 06 Dec 2017 19:57:53 +0000 [UpgradeWizard] - Sidecar Upgrade: Scanning custom/modules/Emails/metadata/ for module Emails client base type custom
Wed, 06 Dec 2017 19:57:53 +0000 [UpgradeWizard] - Sidecar Upgrade: Scanning custom/history/modules/Emails/metadata/ for module Emails client base type history
Wed, 06 Dec 2017 19:57:53 +0000 [UpgradeWizard] - Sidecar Upgrade: 0 base upgrade files set ...
Wed, 06 Dec 2017 19:57:54 +0000 [UpgradeWizard] - Sidecar Upgrade: Beginning search for custom module base metadata...
Wed, 06 Dec 2017 19:57:54 +0000 [UpgradeWizard] - Sidecar Upgrade: 0 upgrade files set for package Attachments: Deployed - 0, Undeployed - 0 ...
Wed, 06 Dec 2017 19:57:54 +0000 [UpgradeWizard] - Sidecar Upgrade: 0 upgrade files set for package SrvReq: Deployed - 0, Undeployed - 0 ...
Wed, 06 Dec 2017 19:57:54 +0000 [UpgradeWizard] - Sidecar Upgrade: Getting portal upgrade files ...
Wed, 06 Dec 2017 19:57:54 +0000 [UpgradeWizard] - Sidecar Upgrade: 0 portal upgrade files set ...
Wed, 06 Dec 2017 19:57:54 +0000 [UpgradeWizard] - Sidecar Upgrade: Getting portal sidecar upgrade files ...
Wed, 06 Dec 2017 19:57:54 +0000 [UpgradeWizard] - Sidecar Upgrade: 0 portal sidecar upgrade files set ...
Wed, 06 Dec 2017 19:57:54 +0000 [UpgradeWizard] - Sidecar Upgrade: Getting wireless upgrade files ...
Wed, 06 Dec 2017 19:57:54 +0000 [UpgradeWizard] - Sidecar Upgrade: Scanning custom/modules/Emails/metadata/ for module Emails client wireless type custom
Wed, 06 Dec 2017 19:57:54 +0000 [UpgradeWizard] - Sidecar Upgrade: Scanning custom/history/modules/Emails/metadata/ for module Emails client wireless type history
Wed, 06 Dec 2017 19:57:54 +0000 [UpgradeWizard] - Sidecar Upgrade: 0 wireless upgrade files set ...
Wed, 06 Dec 2017 19:57:54 +0000 [UpgradeWizard] - Sidecar Upgrade: Beginning search for custom module wireless metadata...
Wed, 06 Dec 2017 19:57:54 +0000 [UpgradeWizard] - Sidecar Upgrade: 0 upgrade files set for package Attachments: Deployed - 0, Undeployed - 0 ...
Wed, 06 Dec 2017 19:57:54 +0000 [UpgradeWizard] - Sidecar Upgrade: 0 upgrade files set for package SrvReq: Deployed - 0, Undeployed - 0 ...
Wed, 06 Dec 2017 19:57:54 +0000 [UpgradeWizard] - Sidecar Upgrade: Custom module mobile metadata done.
Wed, 06 Dec 2017 19:57:54 +0000 [UpgradeWizard] - Sidecar Upgrade: 0 custom module files fetched for conversion
Wed, 06 Dec 2017 19:57:54 +0000 [UpgradeWizard] - Sidecar Upgrade: Getting subpanel upgrade files ...
Wed, 06 Dec 2017 19:57:54 +0000 [UpgradeWizard] - Sidecar Upgrade: Scanning custom/modules/Emails/metadata/subpanels/ for module Emails client base type custom
Wed, 06 Dec 2017 19:57:54 +0000 [UpgradeWizard] - Sidecar Upgrade: Scanning custom/history/modules/Emails/metadata/subpanels/ for module Emails client base type history
Wed, 06 Dec 2017 19:57:54 +0000 [UpgradeWizard] - Sidecar Upgrade: Scanning custom/Extension/modules/Emails/Ext/Layoutdefs/ for module Emails client base type custom
Wed, 06 Dec 2017 19:57:54 +0000 [UpgradeWizard] - Sidecar Upgrade: Candidate for upgrade: custom/Extension/modules/Emails/Ext/Layoutdefs/_overrideEmail_subpanel_opportunities.php
Wed, 06 Dec 2017 19:57:54 +0000 [UpgradeWizard] - Sidecar Upgrade: Scanning custom/modules/Opportunities/metadata/subpanels/ for module Opportunities client base type base
Wed, 06 Dec 2017 19:57:54 +0000 [UpgradeWizard] - Sidecar Upgrade: Candidate for upgrade: custom/modules/Opportunities/metadata/subpanels/Account_subpanel_opportunities.php
Wed, 06 Dec 2017 19:57:54 +0000 [UpgradeWizard] - Sidecar Upgrade: Candidate for upgrade: custom/modules/Opportunities/metadata/subpanels/Campaign_subpanel_opportunities.php
Wed, 06 Dec 2017 19:57:54 +0000 [UpgradeWizard] - Sidecar Upgrade: Candidate for upgrade: custom/modules/Opportunities/metadata/subpanels/Contact_subpanel_opportunities.php
Wed, 06 Dec 2017 19:57:54 +0000 [UpgradeWizard] - Sidecar Upgrade: Candidate for upgrade: custom/modules/Opportunities/metadata/subpanels/Document_subpanel_opportunities.php
Wed, 06 Dec 2017 19:57:54 +0000 [UpgradeWizard] - Sidecar Upgrade: Candidate for upgrade: custom/modules/Opportunities/metadata/subpanels/Email_subpanel_opportunities.php
Wed, 06 Dec 2017 19:57:54 +0000 [UpgradeWizard] - Sidecar Upgrade: Candidate for upgrade: custom/modules/Opportunities/metadata/subpanels/Project_subpanel_opportunities.php
Wed, 06 Dec 2017 19:57:54 +0000 [UpgradeWizard] - Sidecar Upgrade: Beginning search for custom module base metadata...
Wed, 06 Dec 2017 19:57:54 +0000 [UpgradeWizard] - Sidecar Upgrade: 0 upgrade files set for package Attachments: Deployed - 0, Undeployed - 0 ...
Wed, 06 Dec 2017 19:57:54 +0000 [UpgradeWizard] - Sidecar Upgrade: 0 upgrade files set for package SrvReq: Deployed - 0, Undeployed - 0 ...
Wed, 06 Dec 2017 19:57:55 +0000 [UpgradeWizard] - Sidecar Upgrade: Beginning search for custom module mobile metadata...
Wed, 06 Dec 2017 19:57:55 +0000 [UpgradeWizard] - Sidecar Upgrade: 0 upgrade files set for package Attachments: Deployed - 0, Undeployed - 0 ...
Wed, 06 Dec 2017 19:57:55 +0000 [UpgradeWizard] - Sidecar Upgrade: 0 upgrade files set for package SrvReq: Deployed - 0, Undeployed - 0 ...
Wed, 06 Dec 2017 19:57:55 +0000 [UpgradeWizard] - Sidecar Upgrade: Beginning metadata upgrade process...
Wed, 06 Dec 2017 19:57:55 +0000 [UpgradeWizard] - Sidecar Upgrade: Delegating upgrade to SidecarSubpanelMetaDataUpgrader for custom/modules/Opportunities/metadata/subpanels/Account_subpanel_opportunities.php...
Wed, 06 Dec 2017 19:57:55 +0000 [UpgradeWizard] - Sidecar Upgrade: setting base[base] legacy viewdefs for Opportunities:subpanel
Wed, 06 Dec 2017 19:57:55 +0000 [UpgradeWizard] - Sidecar Upgrade: legacy file being read: custom/modules/Opportunities/metadata/subpanels/Account_subpanel_opportunities.php
Wed, 06 Dec 2017 19:57:55 +0000 [UpgradeWizard] - Sidecar Upgrade: converting base[base] legacy viewdefs for Opportunities:subpanel to Sugar 7 format
Wed, 06 Dec 2017 19:57:55 +0000 [UpgradeWizard] - Sidecar Upgrade: Converting subpanel view defs for 'custom/modules/Opportunities/metadata/subpanels/Account_subpanel_opportunities.php'
Wed, 06 Dec 2017 19:57:55 +0000 [UpgradeWizard] - Sidecar Upgrade: Converted subpanel view defs for 'custom/modules/Opportunities/metadata/subpanels/Account_subpanel_opportunities.php'
Wed, 06 Dec 2017 19:57:55 +0000 [UpgradeWizard] - Sidecar Upgrade: Saving new base base viewdefs for Opportunities:subpanel into custom/modules/Opportunities/clients/base/views/subpanel-for-accounts/subpanel-for-accounts.php
Wed, 06 Dec 2017 19:57:55 +0000 [UpgradeWizard] - Sidecar Upgrade: SidecarSubpanelMetaDataUpgrader :: upgrade() complete...
Wed, 06 Dec 2017 19:57:55 +0000 [UpgradeWizard] - Sidecar Upgrade: Delegating upgrade to SidecarSubpanelMetaDataUpgrader for custom/modules/Opportunities/metadata/subpanels/Campaign_subpanel_opportunities.php...
Wed, 06 Dec 2017 19:57:55 +0000 [UpgradeWizard] - Sidecar Upgrade: setting base[base] legacy viewdefs for Opportunities:subpanel
Wed, 06 Dec 2017 19:57:55 +0000 [UpgradeWizard] - Sidecar Upgrade: legacy file being read: custom/modules/Opportunities/metadata/subpanels/Campaign_subpanel_opportunities.php
Wed, 06 Dec 2017 19:57:55 +0000 [UpgradeWizard] - Sidecar Upgrade: converting base[base] legacy viewdefs for Opportunities:subpanel to Sugar 7 format
Wed, 06 Dec 2017 19:57:55 +0000 [UpgradeWizard] - Sidecar Upgrade: Converting subpanel view defs for 'custom/modules/Opportunities/metadata/subpanels/Campaign_subpanel_opportunities.php'
Wed, 06 Dec 2017 19:57:55 +0000 [UpgradeWizard] - Sidecar Upgrade: Converted subpanel view defs for 'custom/modules/Opportunities/metadata/subpanels/Campaign_subpanel_opportunities.php'
Wed, 06 Dec 2017 19:57:55 +0000 [UpgradeWizard] - Sidecar Upgrade: Saving new base base viewdefs for Opportunities:subpanel into custom/modules/Opportunities/clients/base/views/subpanel-for-campaigns/subpanel-for-campaigns.php
Wed, 06 Dec 2017 19:57:55 +0000 [UpgradeWizard] - Sidecar Upgrade: SidecarSubpanelMetaDataUpgrader :: upgrade() complete...
Wed, 06 Dec 2017 19:57:55 +0000 [UpgradeWizard] - Sidecar Upgrade: Delegating upgrade to SidecarSubpanelMetaDataUpgrader for custom/modules/Opportunities/metadata/subpanels/Contact_subpanel_opportunities.php...
Wed, 06 Dec 2017 19:57:55 +0000 [UpgradeWizard] - Sidecar Upgrade: setting base[base] legacy viewdefs for Opportunities:subpanel
Wed, 06 Dec 2017 19:57:55 +0000 [UpgradeWizard] - Sidecar Upgrade: legacy file being read: custom/modules/Opportunities/metadata/subpanels/Contact_subpanel_opportunities.php
Wed, 06 Dec 2017 19:57:55 +0000 [UpgradeWizard] - Sidecar Upgrade: converting base[base] legacy viewdefs for Opportunities:subpanel to Sugar 7 format
Wed, 06 Dec 2017 19:57:55 +0000 [UpgradeWizard] - Sidecar Upgrade: Converting subpanel view defs for 'custom/modules/Opportunities/metadata/subpanels/Contact_subpanel_opportunities.php'
Wed, 06 Dec 2017 19:57:55 +0000 [UpgradeWizard] - Sidecar Upgrade: Converted subpanel view defs for 'custom/modules/Opportunities/metadata/subpanels/Contact_subpanel_opportunities.php'
Wed, 06 Dec 2017 19:57:55 +0000 [UpgradeWizard] - Sidecar Upgrade: Saving new base base viewdefs for Opportunities:subpanel into custom/modules/Opportunities/clients/base/views/subpanel-for-contacts/subpanel-for-contacts.php
Wed, 06 Dec 2017 19:57:55 +0000 [UpgradeWizard] - Sidecar Upgrade: SidecarSubpanelMetaDataUpgrader :: upgrade() complete...
Wed, 06 Dec 2017 19:57:55 +0000 [UpgradeWizard] - Sidecar Upgrade: Delegating upgrade to SidecarSubpanelMetaDataUpgrader for custom/modules/Opportunities/metadata/subpanels/Document_subpanel_opportunities.php...
Wed, 06 Dec 2017 19:57:55 +0000 [UpgradeWizard] - Sidecar Upgrade: setting base[base] legacy viewdefs for Opportunities:subpanel
Wed, 06 Dec 2017 19:57:55 +0000 [UpgradeWizard] - Sidecar Upgrade: legacy file being read: custom/modules/Opportunities/metadata/subpanels/Document_subpanel_opportunities.php
Wed, 06 Dec 2017 19:57:55 +0000 [UpgradeWizard] - Sidecar Upgrade: converting base[base] legacy viewdefs for Opportunities:subpanel to Sugar 7 format
Wed, 06 Dec 2017 19:57:55 +0000 [UpgradeWizard] - Sidecar Upgrade: Converting subpanel view defs for 'custom/modules/Opportunities/metadata/subpanels/Document_subpanel_opportunities.php'
Wed, 06 Dec 2017 19:57:55 +0000 [UpgradeWizard] - Sidecar Upgrade: Converted subpanel view defs for 'custom/modules/Opportunities/metadata/subpanels/Document_subpanel_opportunities.php'
Wed, 06 Dec 2017 19:57:55 +0000 [UpgradeWizard] - Sidecar Upgrade: Saving new base base viewdefs for Opportunities:subpanel into custom/modules/Opportunities/clients/base/views/subpanel-for-documents/subpanel-for-documents.php
Wed, 06 Dec 2017 19:57:55 +0000 [UpgradeWizard] - Sidecar Upgrade: SidecarSubpanelMetaDataUpgrader :: upgrade() complete...
Wed, 06 Dec 2017 19:57:55 +0000 [UpgradeWizard] - Sidecar Upgrade: Delegating upgrade to SidecarSubpanelMetaDataUpgrader for custom/modules/Opportunities/metadata/subpanels/Email_subpanel_opportunities.php...
Wed, 06 Dec 2017 19:57:55 +0000 [UpgradeWizard] - Sidecar Upgrade: setting base[base] legacy viewdefs for Opportunities:subpanel
Wed, 06 Dec 2017 19:57:55 +0000 [UpgradeWizard] - Sidecar Upgrade: legacy file being read: custom/modules/Opportunities/metadata/subpanels/Email_subpanel_opportunities.php
Wed, 06 Dec 2017 19:57:55 +0000 [UpgradeWizard] - Sidecar Upgrade: converting base[base] legacy viewdefs for Opportunities:subpanel to Sugar 7 format
Wed, 06 Dec 2017 19:57:55 +0000 [UpgradeWizard] - Sidecar Upgrade: Converting subpanel view defs for 'custom/modules/Opportunities/metadata/subpanels/Email_subpanel_opportunities.php'
Wed, 06 Dec 2017 19:57:55 +0000 [UpgradeWizard] - Sidecar Upgrade: Converted subpanel view defs for 'custom/modules/Opportunities/metadata/subpanels/Email_subpanel_opportunities.php'
Wed, 06 Dec 2017 19:57:55 +0000 [UpgradeWizard] - Sidecar Upgrade: Saving new base base viewdefs for Opportunities:subpanel into custom/modules/Opportunities/clients/base/views/subpanel-for-emails/subpanel-for-emails.php
Wed, 06 Dec 2017 19:57:55 +0000 [UpgradeWizard] - Sidecar Upgrade: SidecarSubpanelMetaDataUpgrader :: upgrade() complete...
Wed, 06 Dec 2017 19:57:55 +0000 [UpgradeWizard] - Sidecar Upgrade: Delegating upgrade to SidecarSubpanelMetaDataUpgrader for custom/modules/Opportunities/metadata/subpanels/Project_subpanel_opportunities.php...
Wed, 06 Dec 2017 19:57:56 +0000 [UpgradeWizard] - Sidecar Upgrade: setting base[base] legacy viewdefs for Opportunities:subpanel
Wed, 06 Dec 2017 19:57:56 +0000 [UpgradeWizard] - Sidecar Upgrade: legacy file being read: custom/modules/Opportunities/metadata/subpanels/Project_subpanel_opportunities.php
Wed, 06 Dec 2017 19:57:56 +0000 [UpgradeWizard] - Sidecar Upgrade: converting base[base] legacy viewdefs for Opportunities:subpanel to Sugar 7 format
Wed, 06 Dec 2017 19:57:56 +0000 [UpgradeWizard] - Sidecar Upgrade: Converting subpanel view defs for 'custom/modules/Opportunities/metadata/subpanels/Project_subpanel_opportunities.php'
Wed, 06 Dec 2017 19:57:56 +0000 [UpgradeWizard] - Sidecar Upgrade: Converted subpanel view defs for 'custom/modules/Opportunities/metadata/subpanels/Project_subpanel_opportunities.php'
Wed, 06 Dec 2017 19:57:56 +0000 [UpgradeWizard] - Sidecar Upgrade: Saving new base base viewdefs for Opportunities:subpanel into custom/modules/Opportunities/clients/base/views/subpanel-for-project/subpanel-for-project.php
Wed, 06 Dec 2017 19:57:56 +0000 [UpgradeWizard] - Sidecar Upgrade: SidecarSubpanelMetaDataUpgrader :: upgrade() complete...
Wed, 06 Dec 2017 19:57:56 +0000 [UpgradeWizard] - Sidecar Upgrade: Delegating upgrade to SidecarLayoutdefsMetaDataUpgrader for custom/Extension/modules/Emails/Ext/Layoutdefs/_overrideEmail_subpanel_opportunities.php...
Wed, 06 Dec 2017 19:57:56 +0000 [UpgradeWizard] - Sidecar Upgrade: setting base[custom] legacy viewdefs for Emails:layoutdef
Wed, 06 Dec 2017 19:57:56 +0000 [UpgradeWizard] - Sidecar Upgrade: converting base[custom] legacy viewdefs for Emails:layoutdef to Sugar 7 format
Wed, 06 Dec 2017 19:57:56 +0000 [UpgradeWizard] - Sidecar Upgrade: Saving new base custom viewdefs for Emails:layoutdef into custom/Extension/modules/Emails/Ext/clients/base/layouts/subpanels/_overrideEmail_subpanel_opportunities.php
Wed, 06 Dec 2017 19:57:56 +0000 [UpgradeWizard] - Sidecar Upgrade: SidecarLayoutdefsMetaDataUpgrader :: upgrade() complete...
Wed, 06 Dec 2017 19:57:56 +0000 [UpgradeWizard] - Sidecar Upgrade: Metadata upgrade process complete.
Wed, 06 Dec 2017 19:57:56 +0000 [UpgradeWizard] - Sidecar Upgrade: Mobile/portal metadata upgrade process complete.
Wed, 06 Dec 2017 19:57:56 +0000 [UpgradeWizard] - Sidecar Upgrade: Setting upgrade file list...
Wed, 06 Dec 2017 19:57:56 +0000 [UpgradeWizard] - Sidecar Upgrade: Getting base upgrade files ...
Wed, 06 Dec 2017 19:57:56 +0000 [UpgradeWizard] - Sidecar Upgrade: 0 base upgrade files set ...
Wed, 06 Dec 2017 19:57:56 +0000 [UpgradeWizard] - Sidecar Upgrade: Beginning search for custom module base metadata...
Wed, 06 Dec 2017 19:57:56 +0000 [UpgradeWizard] - Sidecar Upgrade: 0 upgrade files set for package Attachments: Deployed - 0, Undeployed - 0 ...
Wed, 06 Dec 2017 19:57:56 +0000 [UpgradeWizard] - Sidecar Upgrade: 0 upgrade files set for package SrvReq: Deployed - 0, Undeployed - 0 ...
Wed, 06 Dec 2017 19:57:56 +0000 [UpgradeWizard] - Sidecar Upgrade: Getting portal upgrade files ...
Wed, 06 Dec 2017 19:57:56 +0000 [UpgradeWizard] - Sidecar Upgrade: 0 portal upgrade files set ...
Wed, 06 Dec 2017 19:57:56 +0000 [UpgradeWizard] - Sidecar Upgrade: Getting portal sidecar upgrade files ...
Wed, 06 Dec 2017 19:57:56 +0000 [UpgradeWizard] - Sidecar Upgrade: 0 portal sidecar upgrade files set ...
Wed, 06 Dec 2017 19:57:56 +0000 [UpgradeWizard] - Sidecar Upgrade: Getting wireless upgrade files ...
Wed, 06 Dec 2017 19:57:56 +0000 [UpgradeWizard] - Sidecar Upgrade: 0 wireless upgrade files set ...
Wed, 06 Dec 2017 19:57:56 +0000 [UpgradeWizard] - Sidecar Upgrade: Beginning search for custom module wireless metadata...
Wed, 06 Dec 2017 19:57:56 +0000 [UpgradeWizard] - Sidecar Upgrade: 0 upgrade files set for package Attachments: Deployed - 0, Undeployed - 0 ...
Wed, 06 Dec 2017 19:57:56 +0000 [UpgradeWizard] - Sidecar Upgrade: 0 upgrade files set for package SrvReq: Deployed - 0, Undeployed - 0 ...
Wed, 06 Dec 2017 19:57:56 +0000 [UpgradeWizard] - Sidecar Upgrade: Custom module mobile metadata done.
Wed, 06 Dec 2017 19:57:56 +0000 [UpgradeWizard] - Sidecar Upgrade: 0 custom module files fetched for conversion
Wed, 06 Dec 2017 19:57:56 +0000 [UpgradeWizard] - Sidecar Upgrade: Getting subpanel upgrade files ...
Wed, 06 Dec 2017 19:57:56 +0000 [UpgradeWizard] - Sidecar Upgrade: Beginning search for custom module base metadata...
Wed, 06 Dec 2017 19:57:56 +0000 [UpgradeWizard] - Sidecar Upgrade: 0 upgrade files set for package Attachments: Deployed - 0, Undeployed - 0 ...
Wed, 06 Dec 2017 19:57:57 +0000 [UpgradeWizard] - Sidecar Upgrade: 0 upgrade files set for package SrvReq: Deployed - 0, Undeployed - 0 ...
Wed, 06 Dec 2017 19:57:57 +0000 [UpgradeWizard] - Sidecar Upgrade: Beginning search for custom module mobile metadata...
Wed, 06 Dec 2017 19:57:57 +0000 [UpgradeWizard] - Sidecar Upgrade: 0 upgrade files set for package Attachments: Deployed - 0, Undeployed - 0 ...
Wed, 06 Dec 2017 19:57:57 +0000 [UpgradeWizard] - Sidecar Upgrade: 0 upgrade files set for package SrvReq: Deployed - 0, Undeployed - 0 ...
Wed, 06 Dec 2017 19:57:57 +0000 [UpgradeWizard] - Sidecar Upgrade: Beginning metadata upgrade process...
Wed, 06 Dec 2017 19:57:57 +0000 [UpgradeWizard] - Sidecar Upgrade: Delegating upgrade to SidecarSubpanelMetaDataUpgrader for custom/modules/Opportunities/metadata/subpanels/Account_subpanel_opportunities.php...
Wed, 06 Dec 2017 19:57:57 +0000 [UpgradeWizard] - Sidecar Upgrade: Upgrade declined for custom/modules/Opportunities/metadata/subpanels/Account_subpanel_opportunities.php, returning
Wed, 06 Dec 2017 19:57:57 +0000 [UpgradeWizard] - Sidecar Upgrade: SidecarSubpanelMetaDataUpgrader :: upgrade() complete...
Wed, 06 Dec 2017 19:57:57 +0000 [UpgradeWizard] - Sidecar Upgrade: Delegating upgrade to SidecarSubpanelMetaDataUpgrader for custom/modules/Opportunities/metadata/subpanels/Campaign_subpanel_opportunities.php...
Wed, 06 Dec 2017 19:57:57 +0000 [UpgradeWizard] - Sidecar Upgrade: Upgrade declined for custom/modules/Opportunities/metadata/subpanels/Campaign_subpanel_opportunities.php, returning
Wed, 06 Dec 2017 19:57:57 +0000 [UpgradeWizard] - Sidecar Upgrade: SidecarSubpanelMetaDataUpgrader :: upgrade() complete...
Wed, 06 Dec 2017 19:57:57 +0000 [UpgradeWizard] - Sidecar Upgrade: Delegating upgrade to SidecarSubpanelMetaDataUpgrader for custom/modules/Opportunities/metadata/subpanels/Contact_subpanel_opportunities.php...
Wed, 06 Dec 2017 19:57:57 +0000 [UpgradeWizard] - Sidecar Upgrade: Upgrade declined for custom/modules/Opportunities/metadata/subpanels/Contact_subpanel_opportunities.php, returning
Wed, 06 Dec 2017 19:57:57 +0000 [UpgradeWizard] - Sidecar Upgrade: SidecarSubpanelMetaDataUpgrader :: upgrade() complete...
Wed, 06 Dec 2017 19:57:57 +0000 [UpgradeWizard] - Sidecar Upgrade: Delegating upgrade to SidecarSubpanelMetaDataUpgrader for custom/modules/Opportunities/metadata/subpanels/Document_subpanel_opportunities.php...
Wed, 06 Dec 2017 19:57:57 +0000 [UpgradeWizard] - Sidecar Upgrade: Upgrade declined for custom/modules/Opportunities/metadata/subpanels/Document_subpanel_opportunities.php, returning
Wed, 06 Dec 2017 19:57:57 +0000 [UpgradeWizard] - Sidecar Upgrade: SidecarSubpanelMetaDataUpgrader :: upgrade() complete...
Wed, 06 Dec 2017 19:57:57 +0000 [UpgradeWizard] - Sidecar Upgrade: Delegating upgrade to SidecarSubpanelMetaDataUpgrader for custom/modules/Opportunities/metadata/subpanels/Email_subpanel_opportunities.php...
Wed, 06 Dec 2017 19:57:57 +0000 [UpgradeWizard] - Sidecar Upgrade: Upgrade declined for custom/modules/Opportunities/metadata/subpanels/Email_subpanel_opportunities.php, returning
Wed, 06 Dec 2017 19:57:57 +0000 [UpgradeWizard] - Sidecar Upgrade: SidecarSubpanelMetaDataUpgrader :: upgrade() complete...
Wed, 06 Dec 2017 19:57:57 +0000 [UpgradeWizard] - Sidecar Upgrade: Delegating upgrade to SidecarSubpanelMetaDataUpgrader for custom/modules/Opportunities/metadata/subpanels/Project_subpanel_opportunities.php...
Wed, 06 Dec 2017 19:57:57 +0000 [UpgradeWizard] - Sidecar Upgrade: Upgrade declined for custom/modules/Opportunities/metadata/subpanels/Project_subpanel_opportunities.php, returning
Wed, 06 Dec 2017 19:57:57 +0000 [UpgradeWizard] - Sidecar Upgrade: SidecarSubpanelMetaDataUpgrader :: upgrade() complete...
Wed, 06 Dec 2017 19:57:57 +0000 [UpgradeWizard] - Sidecar Upgrade: Delegating upgrade to SidecarLayoutdefsMetaDataUpgrader for custom/Extension/modules/Emails/Ext/Layoutdefs/_overrideEmail_subpanel_opportunities.php...
Wed, 06 Dec 2017 19:57:57 +0000 [UpgradeWizard] - Sidecar Upgrade: setting base[custom] legacy viewdefs for Emails:layoutdef
Wed, 06 Dec 2017 19:57:57 +0000 [UpgradeWizard] - Sidecar Upgrade: converting base[custom] legacy viewdefs for Emails:layoutdef to Sugar 7 format
Wed, 06 Dec 2017 19:57:57 +0000 [UpgradeWizard] - Sidecar Upgrade: Saving new base custom viewdefs for Emails:layoutdef into custom/Extension/modules/Emails/Ext/clients/base/layouts/subpanels/_overrideEmail_subpanel_opportunities.php
Wed, 06 Dec 2017 19:57:57 +0000 [UpgradeWizard] - Sidecar Upgrade: SidecarLayoutdefsMetaDataUpgrader :: upgrade() complete...
Wed, 06 Dec 2017 19:57:57 +0000 [UpgradeWizard] - Sidecar Upgrade: Metadata upgrade process complete.
Wed, 06 Dec 2017 19:57:57 +0000 [UpgradeWizard] - Sidecar Upgrade: Mobile/portal metadata upgrade process complete.
Wed, 06 Dec 2017 19:58:03 +0000 [UpgradeWizard] - Sidecar Upgrade: Setting upgrade file list...
Wed, 06 Dec 2017 19:58:03 +0000 [UpgradeWizard] - Sidecar Upgrade: Getting base upgrade files ...
Wed, 06 Dec 2017 19:58:03 +0000 [UpgradeWizard] - Sidecar Upgrade: 0 base upgrade files set ...
Wed, 06 Dec 2017 19:58:03 +0000 [UpgradeWizard] - Sidecar Upgrade: Beginning search for custom module base metadata...
Wed, 06 Dec 2017 19:58:03 +0000 [UpgradeWizard] - Sidecar Upgrade: 0 upgrade files set for package Attachments: Deployed - 0, Undeployed - 0 ...
Wed, 06 Dec 2017 19:58:03 +0000 [UpgradeWizard] - Sidecar Upgrade: 0 upgrade files set for package SrvReq: Deployed - 0, Undeployed - 0 ...
Wed, 06 Dec 2017 19:58:03 +0000 [UpgradeWizard] - Sidecar Upgrade: Getting portal upgrade files ...
Wed, 06 Dec 2017 19:58:03 +0000 [UpgradeWizard] - Sidecar Upgrade: 0 portal upgrade files set ...
Wed, 06 Dec 2017 19:58:03 +0000 [UpgradeWizard] - Sidecar Upgrade: Getting portal sidecar upgrade files ...
Wed, 06 Dec 2017 19:58:03 +0000 [UpgradeWizard] - Sidecar Upgrade: 0 portal sidecar upgrade files set ...
Wed, 06 Dec 2017 19:58:03 +0000 [UpgradeWizard] - Sidecar Upgrade: Getting wireless upgrade files ...
Wed, 06 Dec 2017 19:58:03 +0000 [UpgradeWizard] - Sidecar Upgrade: 0 wireless upgrade files set ...
Wed, 06 Dec 2017 19:58:03 +0000 [UpgradeWizard] - Sidecar Upgrade: Beginning search for custom module wireless metadata...
Wed, 06 Dec 2017 19:58:03 +0000 [UpgradeWizard] - Sidecar Upgrade: 0 upgrade files set for package Attachments: Deployed - 0, Undeployed - 0 ...
Wed, 06 Dec 2017 19:58:03 +0000 [UpgradeWizard] - Sidecar Upgrade: 0 upgrade files set for package SrvReq: Deployed - 0, Undeployed - 0 ...
Wed, 06 Dec 2017 19:58:03 +0000 [UpgradeWizard] - Sidecar Upgrade: Custom module mobile metadata done.
Wed, 06 Dec 2017 19:58:03 +0000 [UpgradeWizard] - Sidecar Upgrade: 0 custom module files fetched for conversion
Wed, 06 Dec 2017 19:58:03 +0000 [UpgradeWizard] - Sidecar Upgrade: Getting subpanel upgrade files ...
Wed, 06 Dec 2017 19:58:03 +0000 [UpgradeWizard] - Sidecar Upgrade: Beginning search for custom module base metadata...
Wed, 06 Dec 2017 19:58:03 +0000 [UpgradeWizard] - Sidecar Upgrade: 0 upgrade files set for package Attachments: Deployed - 0, Undeployed - 0 ...
Wed, 06 Dec 2017 19:58:03 +0000 [UpgradeWizard] - Sidecar Upgrade: 0 upgrade files set for package SrvReq: Deployed - 0, Undeployed - 0 ...
Wed, 06 Dec 2017 19:58:04 +0000 [UpgradeWizard] - Sidecar Upgrade: Beginning search for custom module mobile metadata...
Wed, 06 Dec 2017 19:58:04 +0000 [UpgradeWizard] - Sidecar Upgrade: 0 upgrade files set for package Attachments: Deployed - 0, Undeployed - 0 ...
Wed, 06 Dec 2017 19:58:04 +0000 [UpgradeWizard] - Sidecar Upgrade: 0 upgrade files set for package SrvReq: Deployed - 0, Undeployed - 0 ...
Wed, 06 Dec 2017 19:58:04 +0000 [UpgradeWizard] - Sidecar Upgrade: Beginning metadata upgrade process...
Wed, 06 Dec 2017 19:58:04 +0000 [UpgradeWizard] - Sidecar Upgrade: Delegating upgrade to SidecarSubpanelMetaDataUpgrader for custom/modules/Opportunities/metadata/subpanels/Account_subpanel_opportunities.php...
Wed, 06 Dec 2017 19:58:04 +0000 [UpgradeWizard] - Sidecar Upgrade: Upgrade declined for custom/modules/Opportunities/metadata/subpanels/Account_subpanel_opportunities.php, returning
Wed, 06 Dec 2017 19:58:04 +0000 [UpgradeWizard] - Sidecar Upgrade: SidecarSubpanelMetaDataUpgrader :: upgrade() complete...
Wed, 06 Dec 2017 19:58:04 +0000 [UpgradeWizard] - Sidecar Upgrade: Delegating upgrade to SidecarSubpanelMetaDataUpgrader for custom/modules/Opportunities/metadata/subpanels/Campaign_subpanel_opportunities.php...
Wed, 06 Dec 2017 19:58:04 +0000 [UpgradeWizard] - Sidecar Upgrade: Upgrade declined for custom/modules/Opportunities/metadata/subpanels/Campaign_subpanel_opportunities.php, returning
Wed, 06 Dec 2017 19:58:04 +0000 [UpgradeWizard] - Sidecar Upgrade: SidecarSubpanelMetaDataUpgrader :: upgrade() complete...
Wed, 06 Dec 2017 19:58:04 +0000 [UpgradeWizard] - Sidecar Upgrade: Delegating upgrade to SidecarSubpanelMetaDataUpgrader for custom/modules/Opportunities/metadata/subpanels/Contact_subpanel_opportunities.php...
Wed, 06 Dec 2017 19:58:04 +0000 [UpgradeWizard] - Sidecar Upgrade: Upgrade declined for custom/modules/Opportunities/metadata/subpanels/Contact_subpanel_opportunities.php, returning
Wed, 06 Dec 2017 19:58:04 +0000 [UpgradeWizard] - Sidecar Upgrade: SidecarSubpanelMetaDataUpgrader :: upgrade() complete...
Wed, 06 Dec 2017 19:58:04 +0000 [UpgradeWizard] - Sidecar Upgrade: Delegating upgrade to SidecarSubpanelMetaDataUpgrader for custom/modules/Opportunities/metadata/subpanels/Document_subpanel_opportunities.php...
Wed, 06 Dec 2017 19:58:04 +0000 [UpgradeWizard] - Sidecar Upgrade: Upgrade declined for custom/modules/Opportunities/metadata/subpanels/Document_subpanel_opportunities.php, returning
Wed, 06 Dec 2017 19:58:04 +0000 [UpgradeWizard] - Sidecar Upgrade: SidecarSubpanelMetaDataUpgrader :: upgrade() complete...
Wed, 06 Dec 2017 19:58:04 +0000 [UpgradeWizard] - Sidecar Upgrade: Delegating upgrade to SidecarSubpanelMetaDataUpgrader for custom/modules/Opportunities/metadata/subpanels/Email_subpanel_opportunities.php...
Wed, 06 Dec 2017 19:58:04 +0000 [UpgradeWizard] - Sidecar Upgrade: Upgrade declined for custom/modules/Opportunities/metadata/subpanels/Email_subpanel_opportunities.php, returning
Wed, 06 Dec 2017 19:58:04 +0000 [UpgradeWizard] - Sidecar Upgrade: SidecarSubpanelMetaDataUpgrader :: upgrade() complete...
Wed, 06 Dec 2017 19:58:04 +0000 [UpgradeWizard] - Sidecar Upgrade: Delegating upgrade to SidecarSubpanelMetaDataUpgrader for custom/modules/Opportunities/metadata/subpanels/Project_subpanel_opportunities.php...
Wed, 06 Dec 2017 19:58:04 +0000 [UpgradeWizard] - Sidecar Upgrade: Upgrade declined for custom/modules/Opportunities/metadata/subpanels/Project_subpanel_opportunities.php, returning
Wed, 06 Dec 2017 19:58:04 +0000 [UpgradeWizard] - Sidecar Upgrade: SidecarSubpanelMetaDataUpgrader :: upgrade() complete...
Wed, 06 Dec 2017 19:58:04 +0000 [UpgradeWizard] - Sidecar Upgrade: Delegating upgrade to SidecarLayoutdefsMetaDataUpgrader for custom/Extension/modules/Emails/Ext/Layoutdefs/_overrideEmail_subpanel_opportunities.php...
Wed, 06 Dec 2017 19:58:04 +0000 [UpgradeWizard] - Sidecar Upgrade: setting base[custom] legacy viewdefs for Emails:layoutdef
Wed, 06 Dec 2017 19:58:04 +0000 [UpgradeWizard] - Sidecar Upgrade: converting base[custom] legacy viewdefs for Emails:layoutdef to Sugar 7 format
Wed, 06 Dec 2017 19:58:04 +0000 [UpgradeWizard] - Sidecar Upgrade: Saving new base custom viewdefs for Emails:layoutdef into custom/Extension/modules/Emails/Ext/clients/base/layouts/subpanels/_overrideEmail_subpanel_opportunities.php
Wed, 06 Dec 2017 19:58:04 +0000 [UpgradeWizard] - Sidecar Upgrade: SidecarLayoutdefsMetaDataUpgrader :: upgrade() complete...
Wed, 06 Dec 2017 19:58:04 +0000 [UpgradeWizard] - Sidecar Upgrade: Metadata upgrade process complete.
Wed, 06 Dec 2017 19:58:04 +0000 [UpgradeWizard] - Sidecar Upgrade: Mobile/portal metadata upgrade process complete.
Wed, 06 Dec 2017 19:58:10 +0000 [UpgradeWizard] - Sidecar Upgrade: Setting upgrade file list...
Wed, 06 Dec 2017 19:58:10 +0000 [UpgradeWizard] - Sidecar Upgrade: Getting base upgrade files ...
Wed, 06 Dec 2017 19:58:10 +0000 [UpgradeWizard] - Sidecar Upgrade: 0 base upgrade files set ...
Wed, 06 Dec 2017 19:58:10 +0000 [UpgradeWizard] - Sidecar Upgrade: Beginning search for custom module base metadata...
Wed, 06 Dec 2017 19:58:10 +0000 [UpgradeWizard] - Sidecar Upgrade: 0 upgrade files set for package Attachments: Deployed - 0, Undeployed - 0 ...
Wed, 06 Dec 2017 19:58:10 +0000 [UpgradeWizard] - Sidecar Upgrade: 0 upgrade files set for package SrvReq: Deployed - 0, Undeployed - 0 ...
Wed, 06 Dec 2017 19:58:10 +0000 [UpgradeWizard] - Sidecar Upgrade: Getting portal upgrade files ...
Wed, 06 Dec 2017 19:58:10 +0000 [UpgradeWizard] - Sidecar Upgrade: 0 portal upgrade files set ...
Wed, 06 Dec 2017 19:58:10 +0000 [UpgradeWizard] - Sidecar Upgrade: Getting portal sidecar upgrade files ...
Wed, 06 Dec 2017 19:58:10 +0000 [UpgradeWizard] - Sidecar Upgrade: 0 portal sidecar upgrade files set ...
Wed, 06 Dec 2017 19:58:10 +0000 [UpgradeWizard] - Sidecar Upgrade: Getting wireless upgrade files ...
Wed, 06 Dec 2017 19:58:10 +0000 [UpgradeWizard] - Sidecar Upgrade: 0 wireless upgrade files set ...
Wed, 06 Dec 2017 19:58:10 +0000 [UpgradeWizard] - Sidecar Upgrade: Beginning search for custom module wireless metadata...
Wed, 06 Dec 2017 19:58:10 +0000 [UpgradeWizard] - Sidecar Upgrade: 0 upgrade files set for package Attachments: Deployed - 0, Undeployed - 0 ...
Wed, 06 Dec 2017 19:58:10 +0000 [UpgradeWizard] - Sidecar Upgrade: 0 upgrade files set for package SrvReq: Deployed - 0, Undeployed - 0 ...
Wed, 06 Dec 2017 19:58:10 +0000 [UpgradeWizard] - Sidecar Upgrade: Custom module mobile metadata done.
Wed, 06 Dec 2017 19:58:10 +0000 [UpgradeWizard] - Sidecar Upgrade: 0 custom module files fetched for conversion
Wed, 06 Dec 2017 19:58:10 +0000 [UpgradeWizard] - Sidecar Upgrade: Getting subpanel upgrade files ...
Wed, 06 Dec 2017 19:58:10 +0000 [UpgradeWizard] - Sidecar Upgrade: Beginning search for custom module base metadata...
Wed, 06 Dec 2017 19:58:10 +0000 [UpgradeWizard] - Sidecar Upgrade: 0 upgrade files set for package Attachments: Deployed - 0, Undeployed - 0 ...
Wed, 06 Dec 2017 19:58:10 +0000 [UpgradeWizard] - Sidecar Upgrade: 0 upgrade files set for package SrvReq: Deployed - 0, Undeployed - 0 ...
Wed, 06 Dec 2017 19:58:11 +0000 [UpgradeWizard] - Sidecar Upgrade: Beginning search for custom module mobile metadata...
Wed, 06 Dec 2017 19:58:11 +0000 [UpgradeWizard] - Sidecar Upgrade: 0 upgrade files set for package Attachments: Deployed - 0, Undeployed - 0 ...
Wed, 06 Dec 2017 19:58:11 +0000 [UpgradeWizard] - Sidecar Upgrade: 0 upgrade files set for package SrvReq: Deployed - 0, Undeployed - 0 ...
Wed, 06 Dec 2017 19:58:11 +0000 [UpgradeWizard] - Sidecar Upgrade: Beginning metadata upgrade process...
Wed, 06 Dec 2017 19:58:11 +0000 [UpgradeWizard] - Sidecar Upgrade: Delegating upgrade to SidecarSubpanelMetaDataUpgrader for custom/modules/Opportunities/metadata/subpanels/Account_subpanel_opportunities.php...
Wed, 06 Dec 2017 19:58:11 +0000 [UpgradeWizard] - Sidecar Upgrade: Upgrade declined for custom/modules/Opportunities/metadata/subpanels/Account_subpanel_opportunities.php, returning
Wed, 06 Dec 2017 19:58:11 +0000 [UpgradeWizard] - Sidecar Upgrade: SidecarSubpanelMetaDataUpgrader :: upgrade() complete...
Wed, 06 Dec 2017 19:58:11 +0000 [UpgradeWizard] - Sidecar Upgrade: Delegating upgrade to SidecarSubpanelMetaDataUpgrader for custom/modules/Opportunities/metadata/subpanels/Campaign_subpanel_opportunities.php...
Wed, 06 Dec 2017 19:58:11 +0000 [UpgradeWizard] - Sidecar Upgrade: Upgrade declined for custom/modules/Opportunities/metadata/subpanels/Campaign_subpanel_opportunities.php, returning
Wed, 06 Dec 2017 19:58:11 +0000 [UpgradeWizard] - Sidecar Upgrade: SidecarSubpanelMetaDataUpgrader :: upgrade() complete...
Wed, 06 Dec 2017 19:58:11 +0000 [UpgradeWizard] - Sidecar Upgrade: Delegating upgrade to SidecarSubpanelMetaDataUpgrader for custom/modules/Opportunities/metadata/subpanels/Contact_subpanel_opportunities.php...
Wed, 06 Dec 2017 19:58:11 +0000 [UpgradeWizard] - Sidecar Upgrade: Upgrade declined for custom/modules/Opportunities/metadata/subpanels/Contact_subpanel_opportunities.php, returning
Wed, 06 Dec 2017 19:58:11 +0000 [UpgradeWizard] - Sidecar Upgrade: SidecarSubpanelMetaDataUpgrader :: upgrade() complete...
Wed, 06 Dec 2017 19:58:11 +0000 [UpgradeWizard] - Sidecar Upgrade: Delegating upgrade to SidecarSubpanelMetaDataUpgrader for custom/modules/Opportunities/metadata/subpanels/Document_subpanel_opportunities.php...
Wed, 06 Dec 2017 19:58:11 +0000 [UpgradeWizard] - Sidecar Upgrade: Upgrade declined for custom/modules/Opportunities/metadata/subpanels/Document_subpanel_opportunities.php, returning
Wed, 06 Dec 2017 19:58:11 +0000 [UpgradeWizard] - Sidecar Upgrade: SidecarSubpanelMetaDataUpgrader :: upgrade() complete...
Wed, 06 Dec 2017 19:58:11 +0000 [UpgradeWizard] - Sidecar Upgrade: Delegating upgrade to SidecarSubpanelMetaDataUpgrader for custom/modules/Opportunities/metadata/subpanels/Email_subpanel_opportunities.php...
Wed, 06 Dec 2017 19:58:11 +0000 [UpgradeWizard] - Sidecar Upgrade: Upgrade declined for custom/modules/Opportunities/metadata/subpanels/Email_subpanel_opportunities.php, returning
Wed, 06 Dec 2017 19:58:11 +0000 [UpgradeWizard] - Sidecar Upgrade: SidecarSubpanelMetaDataUpgrader :: upgrade() complete...
Wed, 06 Dec 2017 19:58:11 +0000 [UpgradeWizard] - Sidecar Upgrade: Delegating upgrade to SidecarSubpanelMetaDataUpgrader for custom/modules/Opportunities/metadata/subpanels/Project_subpanel_opportunities.php...
Wed, 06 Dec 2017 19:58:11 +0000 [UpgradeWizard] - Sidecar Upgrade: Upgrade declined for custom/modules/Opportunities/metadata/subpanels/Project_subpanel_opportunities.php, returning
Wed, 06 Dec 2017 19:58:11 +0000 [UpgradeWizard] - Sidecar Upgrade: SidecarSubpanelMetaDataUpgrader :: upgrade() complete...
Wed, 06 Dec 2017 19:58:11 +0000 [UpgradeWizard] - Sidecar Upgrade: Delegating upgrade to SidecarLayoutdefsMetaDataUpgrader for custom/Extension/modules/Emails/Ext/Layoutdefs/_overrideEmail_subpanel_opportunities.php...
Wed, 06 Dec 2017 19:58:11 +0000 [UpgradeWizard] - Sidecar Upgrade: setting base[custom] legacy viewdefs for Emails:layoutdef
Wed, 06 Dec 2017 19:58:11 +0000 [UpgradeWizard] - Sidecar Upgrade: converting base[custom] legacy viewdefs for Emails:layoutdef to Sugar 7 format
Wed, 06 Dec 2017 19:58:11 +0000 [UpgradeWizard] - Sidecar Upgrade: Saving new base custom viewdefs for Emails:layoutdef into custom/Extension/modules/Emails/Ext/clients/base/layouts/subpanels/_overrideEmail_subpanel_opportunities.php
Wed, 06 Dec 2017 19:58:11 +0000 [UpgradeWizard] - Sidecar Upgrade: SidecarLayoutdefsMetaDataUpgrader :: upgrade() complete...
Wed, 06 Dec 2017 19:58:11 +0000 [UpgradeWizard] - Sidecar Upgrade: Metadata upgrade process complete.
Wed, 06 Dec 2017 19:58:11 +0000 [UpgradeWizard] - Sidecar Upgrade: Mobile/portal metadata upgrade process complete.
Wed, 06 Dec 2017 19:58:15 +0000 [UpgradeWizard] - Sidecar Upgrade: Setting upgrade file list...
Wed, 06 Dec 2017 19:58:15 +0000 [UpgradeWizard] - Sidecar Upgrade: Getting base upgrade files ...
Wed, 06 Dec 2017 19:58:15 +0000 [UpgradeWizard] - Sidecar Upgrade: 0 base upgrade files set ...
Wed, 06 Dec 2017 19:58:15 +0000 [UpgradeWizard] - Sidecar Upgrade: Beginning search for custom module base metadata...
Wed, 06 Dec 2017 19:58:15 +0000 [UpgradeWizard] - Sidecar Upgrade: 0 upgrade files set for package Attachments: Deployed - 0, Undeployed - 0 ...
Wed, 06 Dec 2017 19:58:15 +0000 [UpgradeWizard] - Sidecar Upgrade: 0 upgrade files set for package SrvReq: Deployed - 0, Undeployed - 0 ...
Wed, 06 Dec 2017 19:58:15 +0000 [UpgradeWizard] - Sidecar Upgrade: Getting portal upgrade files ...
Wed, 06 Dec 2017 19:58:15 +0000 [UpgradeWizard] - Sidecar Upgrade: 0 portal upgrade files set ...
Wed, 06 Dec 2017 19:58:15 +0000 [UpgradeWizard] - Sidecar Upgrade: Getting portal sidecar upgrade files ...
Wed, 06 Dec 2017 19:58:15 +0000 [UpgradeWizard] - Sidecar Upgrade: 0 portal sidecar upgrade files set ...
Wed, 06 Dec 2017 19:58:15 +0000 [UpgradeWizard] - Sidecar Upgrade: Getting wireless upgrade files ...
Wed, 06 Dec 2017 19:58:15 +0000 [UpgradeWizard] - Sidecar Upgrade: 0 wireless upgrade files set ...
Wed, 06 Dec 2017 19:58:16 +0000 [UpgradeWizard] - Sidecar Upgrade: Beginning search for custom module wireless metadata...
Wed, 06 Dec 2017 19:58:16 +0000 [UpgradeWizard] - Sidecar Upgrade: 0 upgrade files set for package Attachments: Deployed - 0, Undeployed - 0 ...
Wed, 06 Dec 2017 19:58:16 +0000 [UpgradeWizard] - Sidecar Upgrade: 0 upgrade files set for package SrvReq: Deployed - 0, Undeployed - 0 ...
Wed, 06 Dec 2017 19:58:16 +0000 [UpgradeWizard] - Sidecar Upgrade: Custom module mobile metadata done.
Wed, 06 Dec 2017 19:58:16 +0000 [UpgradeWizard] - Sidecar Upgrade: 0 custom module files fetched for conversion
Wed, 06 Dec 2017 19:58:16 +0000 [UpgradeWizard] - Sidecar Upgrade: Getting subpanel upgrade files ...
Wed, 06 Dec 2017 19:58:16 +0000 [UpgradeWizard] - Sidecar Upgrade: Beginning search for custom module base metadata...
Wed, 06 Dec 2017 19:58:16 +0000 [UpgradeWizard] - Sidecar Upgrade: 0 upgrade files set for package Attachments: Deployed - 0, Undeployed - 0 ...
Wed, 06 Dec 2017 19:58:16 +0000 [UpgradeWizard] - Sidecar Upgrade: 0 upgrade files set for package SrvReq: Deployed - 0, Undeployed - 0 ...
Wed, 06 Dec 2017 19:58:16 +0000 [UpgradeWizard] - Sidecar Upgrade: Beginning search for custom module mobile metadata...
Wed, 06 Dec 2017 19:58:16 +0000 [UpgradeWizard] - Sidecar Upgrade: 0 upgrade files set for package Attachments: Deployed - 0, Undeployed - 0 ...
Wed, 06 Dec 2017 19:58:16 +0000 [UpgradeWizard] - Sidecar Upgrade: 0 upgrade files set for package SrvReq: Deployed - 0, Undeployed - 0 ...
Wed, 06 Dec 2017 19:58:16 +0000 [UpgradeWizard] - Sidecar Upgrade: Beginning metadata upgrade process...
Wed, 06 Dec 2017 19:58:16 +0000 [UpgradeWizard] - Sidecar Upgrade: Delegating upgrade to SidecarSubpanelMetaDataUpgrader for custom/modules/Opportunities/metadata/subpanels/Account_subpanel_opportunities.php...
Wed, 06 Dec 2017 19:58:16 +0000 [UpgradeWizard] - Sidecar Upgrade: Upgrade declined for custom/modules/Opportunities/metadata/subpanels/Account_subpanel_opportunities.php, returning
Wed, 06 Dec 2017 19:58:16 +0000 [UpgradeWizard] - Sidecar Upgrade: SidecarSubpanelMetaDataUpgrader :: upgrade() complete...
Wed, 06 Dec 2017 19:58:16 +0000 [UpgradeWizard] - Sidecar Upgrade: Delegating upgrade to SidecarSubpanelMetaDataUpgrader for custom/modules/Opportunities/metadata/subpanels/Campaign_subpanel_opportunities.php...
Wed, 06 Dec 2017 19:58:16 +0000 [UpgradeWizard] - Sidecar Upgrade: Upgrade declined for custom/modules/Opportunities/metadata/subpanels/Campaign_subpanel_opportunities.php, returning
Wed, 06 Dec 2017 19:58:16 +0000 [UpgradeWizard] - Sidecar Upgrade: SidecarSubpanelMetaDataUpgrader :: upgrade() complete...
Wed, 06 Dec 2017 19:58:16 +0000 [UpgradeWizard] - Sidecar Upgrade: Delegating upgrade to SidecarSubpanelMetaDataUpgrader for custom/modules/Opportunities/metadata/subpanels/Contact_subpanel_opportunities.php...
Wed, 06 Dec 2017 19:58:16 +0000 [UpgradeWizard] - Sidecar Upgrade: Upgrade declined for custom/modules/Opportunities/metadata/subpanels/Contact_subpanel_opportunities.php, returning
Wed, 06 Dec 2017 19:58:16 +0000 [UpgradeWizard] - Sidecar Upgrade: SidecarSubpanelMetaDataUpgrader :: upgrade() complete...
Wed, 06 Dec 2017 19:58:16 +0000 [UpgradeWizard] - Sidecar Upgrade: Delegating upgrade to SidecarSubpanelMetaDataUpgrader for custom/modules/Opportunities/metadata/subpanels/Document_subpanel_opportunities.php...
Wed, 06 Dec 2017 19:58:16 +0000 [UpgradeWizard] - Sidecar Upgrade: Upgrade declined for custom/modules/Opportunities/metadata/subpanels/Document_subpanel_opportunities.php, returning
Wed, 06 Dec 2017 19:58:16 +0000 [UpgradeWizard] - Sidecar Upgrade: SidecarSubpanelMetaDataUpgrader :: upgrade() complete...
Wed, 06 Dec 2017 19:58:16 +0000 [UpgradeWizard] - Sidecar Upgrade: Delegating upgrade to SidecarSubpanelMetaDataUpgrader for custom/modules/Opportunities/metadata/subpanels/Email_subpanel_opportunities.php...
Wed, 06 Dec 2017 19:58:16 +0000 [UpgradeWizard] - Sidecar Upgrade: Upgrade declined for custom/modules/Opportunities/metadata/subpanels/Email_subpanel_opportunities.php, returning
Wed, 06 Dec 2017 19:58:16 +0000 [UpgradeWizard] - Sidecar Upgrade: SidecarSubpanelMetaDataUpgrader :: upgrade() complete...
Wed, 06 Dec 2017 19:58:16 +0000 [UpgradeWizard] - Sidecar Upgrade: Delegating upgrade to SidecarSubpanelMetaDataUpgrader for custom/modules/Opportunities/metadata/subpanels/Project_subpanel_opportunities.php...
Wed, 06 Dec 2017 19:58:16 +0000 [UpgradeWizard] - Sidecar Upgrade: Upgrade declined for custom/modules/Opportunities/metadata/subpanels/Project_subpanel_opportunities.php, returning
Wed, 06 Dec 2017 19:58:16 +0000 [UpgradeWizard] - Sidecar Upgrade: SidecarSubpanelMetaDataUpgrader :: upgrade() complete...
Wed, 06 Dec 2017 19:58:16 +0000 [UpgradeWizard] - Sidecar Upgrade: Delegating upgrade to SidecarLayoutdefsMetaDataUpgrader for custom/Extension/modules/Emails/Ext/Layoutdefs/_overrideEmail_subpanel_opportunities.php...
Wed, 06 Dec 2017 19:58:16 +0000 [UpgradeWizard] - Sidecar Upgrade: setting base[custom] legacy viewdefs for Emails:layoutdef
Wed, 06 Dec 2017 19:58:16 +0000 [UpgradeWizard] - Sidecar Upgrade: converting base[custom] legacy viewdefs for Emails:layoutdef to Sugar 7 format
Wed, 06 Dec 2017 19:58:17 +0000 [UpgradeWizard] - Sidecar Upgrade: Saving new base custom viewdefs for Emails:layoutdef into custom/Extension/modules/Emails/Ext/clients/base/layouts/subpanels/_overrideEmail_subpanel_opportunities.php
Wed, 06 Dec 2017 19:58:17 +0000 [UpgradeWizard] - Sidecar Upgrade: SidecarLayoutdefsMetaDataUpgrader :: upgrade() complete...
Wed, 06 Dec 2017 19:58:17 +0000 [UpgradeWizard] - Sidecar Upgrade: Metadata upgrade process complete.
Wed, 06 Dec 2017 19:58:17 +0000 [UpgradeWizard] - Sidecar Upgrade: Mobile/portal metadata upgrade process complete.
